--------------------
./configure
Wed Oct 29 21:23:13 EDT 2014
Checking for gcc...
=== ztest12237.c ===
extern int getchar();
int hello() {return getchar();}
===
gcc -c ztest12237.c
... using gcc

Checking for obsessive-compulsive compiler options...
=== ztest12237.c ===
int foo() { return 0; }
===
gcc -c -O3 ztest12237.c

Checking for shared library support...
=== ztest12237.c ===
extern int getchar();
int hello() {return getchar();}
===
gcc -w -c -O3 -fPIC ztest12237.c
gcc -dynamiclib -install_name ${exec_prefix}/lib/libz.1.dylib -compatibility_version 1 -current_version 1.2.8 -O3 -fPIC -o ztest12237.dylib ztest12237.o
Building shared library libz.1.2.8.dylib with gcc.

=== ztest12237.c ===
#include <sys/types.h>
off64_t dummy = 0;
===
gcc -c -O3 -D_LARGEFILE64_SOURCE=1 ztest12237.c
ztest12237.c:2:1: error: unknown type name 'off64_t'; did you mean 'off_t'?
off64_t dummy = 0;
^~~~~~~
off_t
/usr/include/sys/_types/_off_t.h:30:25: note: 'off_t' declared here
typedef __darwin_off_t          off_t;
                                ^
1 error generated.
(exit code 1)
Checking for off64_t... No.

=== ztest12237.c ===
#include <stdio.h>
int main(void) {
  fseeko(NULL, 0, 0);
  return 0;
}
===
gcc -O3 -o ztest12237 ztest12237.c
Checking for fseeko... Yes.

=== ztest12237.c ===
#include <string.h>
#include <errno.h>
int main() { return strlen(strerror(errno)); }
===
gcc -O3 -o ztest12237 ztest12237.c
Checking for strerror... Yes.

=== ztest12237.c ===
#include <unistd.h>
int main() { return 0; }
===
gcc -c -O3 ztest12237.c
Checking for unistd.h... Yes.

=== ztest12237.c ===
#include <stdarg.h>
int main() { return 0; }
===
gcc -c -O3 ztest12237.c
Checking for stdarg.h... Yes.

=== ztest12237.c ===
#include <stdio.h>
#include <stdarg.h>
#include "zconf.h"
int main()
{
#ifndef STDC
  choke me
#endif
  return 0;
}
===
gcc -c -O3 ztest12237.c
Checking whether to use vs[n]printf() or s[n]printf()... using vs[n]printf().

=== ztest12237.c ===
#include <stdio.h>
#include <stdarg.h>
int mytest(const char *fmt, ...)
{
  char buf[20];
  va_list ap;
  va_start(ap, fmt);
  vsnprintf(buf, sizeof(buf), fmt, ap);
  va_end(ap);
  return 0;
}
int main()
{
  return (mytest("Hello%d\n", 1));
}
===
gcc -O3 -o ztest12237 ztest12237.c
Checking for vsnprintf() in stdio.h... Yes.

=== ztest12237.c ===
#include <stdio.h>
#include <stdarg.h>
int mytest(const char *fmt, ...)
{
  int n;
  char buf[20];
  va_list ap;
  va_start(ap, fmt);
  n = vsnprintf(buf, sizeof(buf), fmt, ap);
  va_end(ap);
  return n;
}
int main()
{
  return (mytest("Hello%d\n", 1));
}
===
gcc -c -O3 ztest12237.c
Checking for return value of vsnprintf()... Yes.

=== ztest12237.c ===
#define ZLIB_INTERNAL __attribute__((visibility ("hidden")))
int ZLIB_INTERNAL foo;
int main()
{
  return 0;
}
===
gcc -c -O3 ztest12237.c
Checking for attribute(visibility) support... Yes.

ALL = static shared
AR = libtool
ARFLAGS = -o
CC = gcc
CFLAGS = -O3 -DHAVE_HIDDEN
CPP = gcc -E
EXE =
LDCONFIG = ldconfig
LDFLAGS =
LDSHARED = gcc -dynamiclib -install_name ${exec_prefix}/lib/libz.1.dylib -compatibility_version 1 -current_version 1.2.8
LDSHAREDLIBC = -lc
OBJC = $(OBJZ) $(OBJG)
PIC_OBJC = $(PIC_OBJZ) $(PIC_OBJG)
RANLIB = ranlib
SFLAGS = -O3 -fPIC -DHAVE_HIDDEN
SHAREDLIB = libz.dylib
SHAREDLIBM = libz.1.dylib
SHAREDLIBV = libz.1.2.8.dylib
STATICLIB = libz.a
TEST = all teststatic testshared
VER = 1.2.8
Z_U4 =
exec_prefix = ${prefix}
includedir = ${prefix}/include
libdir = ${exec_prefix}/lib
mandir = ${prefix}/share/man
prefix = /usr/local
sharedlibdir = ${libdir}
uname = Darwin
--------------------


--------------------
./configure
Tue Nov  4 21:01:36 EST 2014
Checking for gcc...
=== ztest2414.c ===
extern int getchar();
int hello() {return getchar();}
===
gcc -c ztest2414.c
... using gcc

Checking for obsessive-compulsive compiler options...
=== ztest2414.c ===
int foo() { return 0; }
===
gcc -c -O3 ztest2414.c

Checking for shared library support...
=== ztest2414.c ===
extern int getchar();
int hello() {return getchar();}
===
gcc -w -c -O3 -fPIC ztest2414.c
gcc -dynamiclib -install_name ${exec_prefix}/lib/libz.1.dylib -compatibility_version 1 -current_version 1.2.8 -O3 -fPIC -o ztest2414.dylib ztest2414.o
Building shared library libz.1.2.8.dylib with gcc.

=== ztest2414.c ===
#include <sys/types.h>
off64_t dummy = 0;
===
gcc -c -O3 -D_LARGEFILE64_SOURCE=1 ztest2414.c
ztest2414.c:2:1: error: unknown type name 'off64_t'; did you mean 'off_t'?
off64_t dummy = 0;
^~~~~~~
off_t
/usr/include/sys/_types/_off_t.h:30:25: note: 'off_t' declared here
typedef __darwin_off_t          off_t;
                                ^
1 error generated.
(exit code 1)
Checking for off64_t... No.

=== ztest2414.c ===
#include <stdio.h>
int main(void) {
  fseeko(NULL, 0, 0);
  return 0;
}
===
gcc -O3 -o ztest2414 ztest2414.c
Checking for fseeko... Yes.

=== ztest2414.c ===
#include <string.h>
#include <errno.h>
int main() { return strlen(strerror(errno)); }
===
gcc -O3 -o ztest2414 ztest2414.c
Checking for strerror... Yes.

=== ztest2414.c ===
#include <unistd.h>
int main() { return 0; }
===
gcc -c -O3 ztest2414.c
Checking for unistd.h... Yes.

=== ztest2414.c ===
#include <stdarg.h>
int main() { return 0; }
===
gcc -c -O3 ztest2414.c
Checking for stdarg.h... Yes.

=== ztest2414.c ===
#include <stdio.h>
#include <stdarg.h>
#include "zconf.h"
int main()
{
#ifndef STDC
  choke me
#endif
  return 0;
}
===
gcc -c -O3 ztest2414.c
Checking whether to use vs[n]printf() or s[n]printf()... using vs[n]printf().

=== ztest2414.c ===
#include <stdio.h>
#include <stdarg.h>
int mytest(const char *fmt, ...)
{
  char buf[20];
  va_list ap;
  va_start(ap, fmt);
  vsnprintf(buf, sizeof(buf), fmt, ap);
  va_end(ap);
  return 0;
}
int main()
{
  return (mytest("Hello%d\n", 1));
}
===
gcc -O3 -o ztest2414 ztest2414.c
Checking for vsnprintf() in stdio.h... Yes.

=== ztest2414.c ===
#include <stdio.h>
#include <stdarg.h>
int mytest(const char *fmt, ...)
{
  int n;
  char buf[20];
  va_list ap;
  va_start(ap, fmt);
  n = vsnprintf(buf, sizeof(buf), fmt, ap);
  va_end(ap);
  return n;
}
int main()
{
  return (mytest("Hello%d\n", 1));
}
===
gcc -c -O3 ztest2414.c
Checking for return value of vsnprintf()... Yes.

=== ztest2414.c ===
#define ZLIB_INTERNAL __attribute__((visibility ("hidden")))
int ZLIB_INTERNAL foo;
int main()
{
  return 0;
}
===
gcc -c -O3 ztest2414.c
Checking for attribute(visibility) support... Yes.

ALL = static shared
AR = libtool
ARFLAGS = -o
CC = gcc
CFLAGS = -O3 -DHAVE_HIDDEN
CPP = gcc -E
EXE =
LDCONFIG = ldconfig
LDFLAGS =
LDSHARED = gcc -dynamiclib -install_name ${exec_prefix}/lib/libz.1.dylib -compatibility_version 1 -current_version 1.2.8
LDSHAREDLIBC = -lc
OBJC = $(OBJZ) $(OBJG)
PIC_OBJC = $(PIC_OBJZ) $(PIC_OBJG)
RANLIB = ranlib
SFLAGS = -O3 -fPIC -DHAVE_HIDDEN
SHAREDLIB = libz.dylib
SHAREDLIBM = libz.1.dylib
SHAREDLIBV = libz.1.2.8.dylib
STATICLIB = libz.a
TEST = all teststatic testshared
VER = 1.2.8
Z_U4 =
exec_prefix = ${prefix}
includedir = ${prefix}/include
libdir = ${exec_prefix}/lib
mandir = ${prefix}/share/man
prefix = /usr/local
sharedlibdir = ${libdir}
uname = Darwin
--------------------


--------------------
./configure
Tue Nov  4 21:01:40 EST 2014
=== ztest2534.c ===
extern int getchar();
int hello() {return getchar();}
===
/Users/jamesfolk/Dropbox/GameDevelopment/lib/emsdk_portable/emscripten/1.22.0/emcc -c ztest2534.c
... using /Users/jamesfolk/Dropbox/GameDevelopment/lib/emsdk_portable/emscripten/1.22.0/emcc

Checking for obsessive-compulsive compiler options...
=== ztest2534.c ===
int foo() { return 0; }
===
/Users/jamesfolk/Dropbox/GameDevelopment/lib/emsdk_portable/emscripten/1.22.0/emcc -c ztest2534.c

Checking for shared library support...
=== ztest2534.c ===
extern int getchar();
int hello() {return getchar();}
===
/Users/jamesfolk/Dropbox/GameDevelopment/lib/emsdk_portable/emscripten/1.22.0/emcc -w -c ztest2534.c
/Users/jamesfolk/Dropbox/GameDevelopment/lib/emsdk_portable/emscripten/1.22.0/emcc -o ztest2534.so ztest2534.o
clang-3.3: warning: argument unused during compilation: '-nostdinc'
clang-3.3: warning: argument unused during compilation: '-Xclang -nobuiltininc'
clang-3.3: warning: argument unused during compilation: '-Xclang -nostdsysteminc'
clang-3.3: warning: argument unused during compilation: '-Xclang -isystem/Users/jamesfolk/Dropbox/GameDevelopment/lib/emsdk_portable/emscripten/1.22.0/system/local/include'
clang-3.3: warning: argument unused during compilation: '-Xclang -isystem/Users/jamesfolk/Dropbox/GameDevelopment/lib/emsdk_portable/emscripten/1.22.0/system/include/compat'
clang-3.3: warning: argument unused during compilation: '-Xclang -isystem/Users/jamesfolk/Dropbox/GameDevelopment/lib/emsdk_portable/emscripten/1.22.0/system/include'
clang-3.3: warning: argument unused during compilation: '-Xclang -isystem/Users/jamesfolk/Dropbox/GameDevelopment/lib/emsdk_portable/emscripten/1.22.0/system/include/emscripten'
clang-3.3: warning: argument unused during compilation: '-Xclang -isystem/Users/jamesfolk/Dropbox/GameDevelopment/lib/emsdk_portable/emscripten/1.22.0/system/include/libc'
clang-3.3: warning: argument unused during compilation: '-Xclang -isystem/Users/jamesfolk/Dropbox/GameDevelopment/lib/emsdk_portable/emscripten/1.22.0/system/lib/libc/musl/arch/js'
clang-3.3: warning: argument unused during compilation: '-Xclang -isystem/Users/jamesfolk/Dropbox/GameDevelopment/lib/emsdk_portable/emscripten/1.22.0/system/include/gfx'
clang-3.3: warning: argument unused during compilation: '-Xclang -isystem/Users/jamesfolk/Dropbox/GameDevelopment/lib/emsdk_portable/emscripten/1.22.0/system/include/SDL'
clang-3.3: warning: argument unused during compilation: '-Xclang -isystem/Users/jamesfolk/Dropbox/GameDevelopment/lib/emsdk_portable/emscripten/1.22.0/system/include/libcxx'
Undefined symbols for architecture x86_64:
  "_main", referenced from:
     implicit entry/start for main executable
ld: symbol(s) not found for architecture x86_64
clang-3.3: error: linker command failed with exit code 1 (use -v to see invocation)
(exit code 1)
No shared library support; try without defining CC and CFLAGS
Building static library libz.a version 1.2.8 with /Users/jamesfolk/Dropbox/GameDevelopment/lib/emsdk_portable/emscripten/1.22.0/emcc.

=== ztest2534.c ===
#include <sys/types.h>
off64_t dummy = 0;
===
/Users/jamesfolk/Dropbox/GameDevelopment/lib/emsdk_portable/emscripten/1.22.0/emcc -c -D_LARGEFILE64_SOURCE=1 ztest2534.c
Checking for off64_t... Yes.
Checking for fseeko... Yes.

=== ztest2534.c ===
#include <string.h>
#include <errno.h>
int main() { return strlen(strerror(errno)); }
===
/Users/jamesfolk/Dropbox/GameDevelopment/lib/emsdk_portable/emscripten/1.22.0/emcc -D_LARGEFILE64_SOURCE=1 -o ztest2534 ztest2534.c
Undefined symbols for architecture x86_64:
  "___errno_location", referenced from:
      _main in ztest2534-3i01wR.o
ld: symbol(s) not found for architecture x86_64
clang-3.3: error: linker command failed with exit code 1 (use -v to see invocation)
(exit code 1)
Checking for strerror... No.

=== ztest2534.c ===
#include <unistd.h>
int main() { return 0; }
===
/Users/jamesfolk/Dropbox/GameDevelopment/lib/emsdk_portable/emscripten/1.22.0/emcc -c -D_LARGEFILE64_SOURCE=1 -DNO_STRERROR ztest2534.c
Checking for unistd.h... Yes.

=== ztest2534.c ===
#include <stdarg.h>
int main() { return 0; }
===
/Users/jamesfolk/Dropbox/GameDevelopment/lib/emsdk_portable/emscripten/1.22.0/emcc -c -D_LARGEFILE64_SOURCE=1 -DNO_STRERROR ztest2534.c
Checking for stdarg.h... Yes.

=== ztest2534.c ===
#include <stdio.h>
#include <stdarg.h>
#include "zconf.h"
int main()
{
#ifndef STDC
  choke me
#endif
  return 0;
}
===
/Users/jamesfolk/Dropbox/GameDevelopment/lib/emsdk_portable/emscripten/1.22.0/emcc -c -D_LARGEFILE64_SOURCE=1 -DNO_STRERROR ztest2534.c
Checking whether to use vs[n]printf() or s[n]printf()... using vs[n]printf().

=== ztest2534.c ===
#include <stdio.h>
#include <stdarg.h>
int mytest(const char *fmt, ...)
{
  char buf[20];
  va_list ap;
  va_start(ap, fmt);
  vsnprintf(buf, sizeof(buf), fmt, ap);
  va_end(ap);
  return 0;
}
int main()
{
  return (mytest("Hello%d\n", 1));
}
===
/Users/jamesfolk/Dropbox/GameDevelopment/lib/emsdk_portable/emscripten/1.22.0/emcc -D_LARGEFILE64_SOURCE=1 -DNO_STRERROR -o ztest2534 ztest2534.c
Checking for vsnprintf() in stdio.h... Yes.

=== ztest2534.c ===
#include <stdio.h>
#include <stdarg.h>
int mytest(const char *fmt, ...)
{
  int n;
  char buf[20];
  va_list ap;
  va_start(ap, fmt);
  n = vsnprintf(buf, sizeof(buf), fmt, ap);
  va_end(ap);
  return n;
}
int main()
{
  return (mytest("Hello%d\n", 1));
}
===
/Users/jamesfolk/Dropbox/GameDevelopment/lib/emsdk_portable/emscripten/1.22.0/emcc -c -D_LARGEFILE64_SOURCE=1 -DNO_STRERROR ztest2534.c
Checking for return value of vsnprintf()... Yes.

ALL = static all64
AR = /Users/jamesfolk/Dropbox/GameDevelopment/lib/emsdk_portable/emscripten/1.22.0/emar
ARFLAGS = rc
CC = /Users/jamesfolk/Dropbox/GameDevelopment/lib/emsdk_portable/emscripten/1.22.0/emcc
CFLAGS = -D_LARGEFILE64_SOURCE=1 -DNO_STRERROR
CPP = /Users/jamesfolk/Dropbox/GameDevelopment/lib/emsdk_portable/emscripten/1.22.0/emcc -E
EXE =
LDCONFIG = ldconfig
LDFLAGS =
LDSHARED = /Users/jamesfolk/Dropbox/GameDevelopment/lib/emsdk_portable/emscripten/1.22.0/emcc
LDSHAREDLIBC = -lc
OBJC = $(OBJZ) $(OBJG)
PIC_OBJC = $(PIC_OBJZ) $(PIC_OBJG)
RANLIB = /Users/jamesfolk/Dropbox/GameDevelopment/lib/emsdk_portable/emscripten/1.22.0/emranlib
SFLAGS = -D_LARGEFILE64_SOURCE=1 -DNO_STRERROR
SHAREDLIB =
SHAREDLIBM =
SHAREDLIBV =
STATICLIB = libz.a
TEST = all teststatic test64
VER = 1.2.8
Z_U4 =
exec_prefix = ${prefix}
includedir = ${prefix}/include
libdir = ${exec_prefix}/lib
mandir = ${prefix}/share/man
prefix = /usr/local
sharedlibdir = ${libdir}
uname = Darwin 14.0.0
--------------------


