This file contains any messages produced by compilers while
running configure, to aid debugging if configure makes a mistake.

It was created by libogg configure 1.3.1, which was
generated by GNU Autoconf 2.68.  Invocation command line was

  $ ./configure 

## --------- ##
## Platform. ##
## --------- ##

hostname = Jamess-MBP.home
uname -m = x86_64
uname -r = 14.0.0
uname -s = Darwin
uname -v = Darwin Kernel Version 14.0.0: Tue Sep 23 23:01:41 PDT 2014; root:xnu-2782.1.97~6/RELEASE_X86_64

/usr/bin/uname -p = i386
/bin/uname -X     = unknown

/bin/arch              = unknown
/usr/bin/arch -k       = unknown
/usr/convex/getsysinfo = unknown
/usr/bin/hostinfo      = Mach kernel version:
	 Darwin Kernel Version 14.0.0: Tue Sep 23 23:01:41 PDT 2014; root:xnu-2782.1.97~6/RELEASE_X86_64
Kernel configured for up to 8 processors.
4 processors are physically available.
8 processors are logically available.
Processor type: x86_64h (Intel x86-64h Haswell)
Processors active: 0 1 2 3 4 5 6 7
Primary memory available: 16.00 gigabytes
Default processor set: 285 tasks, 1301 threads, 8 processors
Load average: 1.32, Mach factor: 6.67
/bin/machine           = unknown
/usr/bin/oslevel       = unknown
/bin/universe          = unknown

PATH: /usr/local/bin
PATH: /Users/jamesfolk/Dropbox/GameDevelopment/lib/emsdk_portable/emscripten/1.22.0
PATH: /Applications/adt-bundle/ndk
PATH: /opt/local/bin
PATH: /opt/local/sbin
PATH: /usr/local/bin
PATH: /usr/bin
PATH: /bin
PATH: /usr/sbin
PATH: /sbin
PATH: ANDROID_NDK_ROOT
PATH: /Applications/adt-bundle/sdk/platform-tools
PATH: /Applications/adt-bundle/sdk/tools
PATH: /Applications/adt-bundle/apache-ant/bin


## ----------- ##
## Core tests. ##
## ----------- ##

configure:2425: checking for a BSD-compatible install
configure:2493: result: /usr/bin/install -c
configure:2504: checking whether build environment is sane
configure:2554: result: yes
configure:2695: checking for a thread-safe mkdir -p
configure:2734: result: ./install-sh -c -d
configure:2747: checking for gawk
configure:2777: result: no
configure:2747: checking for mawk
configure:2777: result: no
configure:2747: checking for nawk
configure:2777: result: no
configure:2747: checking for awk
configure:2763: found /usr/bin/awk
configure:2774: result: awk
configure:2785: checking whether make sets $(MAKE)
configure:2807: result: yes
configure:2888: checking whether to enable maintainer-specific portions of Makefiles
configure:2897: result: yes
configure:2967: checking for gcc
configure:2983: found /usr/bin/gcc
configure:2994: result: gcc
configure:3223: checking for C compiler version
configure:3232: gcc --version >&5
Apple LLVM version 6.0 (clang-600.0.54) (based on LLVM 3.5svn)
Target: x86_64-apple-darwin14.0.0
Thread model: posix
Configured with: --prefix=/Applications/Xcode.app/Contents/Developer/usr --with-gxx-include-dir=/usr/include/c++/4.2.1
configure:3243: $? = 0
configure:3232: gcc -v >&5
Configured with: --prefix=/Applications/Xcode.app/Contents/Developer/usr --with-gxx-include-dir=/usr/include/c++/4.2.1
Apple LLVM version 6.0 (clang-600.0.54) (based on LLVM 3.5svn)
Target: x86_64-apple-darwin14.0.0
Thread model: posix
configure:3243: $? = 0
configure:3232: gcc -V >&5
clang: error: argument to '-V' is missing (expected 1 value)
clang: error: no input files
configure:3243: $? = 1
configure:3232: gcc -qversion >&5
clang: error: unknown argument: '-qversion'
clang: error: no input files
configure:3243: $? = 1
configure:3263: checking whether the C compiler works
configure:3285: gcc    conftest.c  >&5
configure:3289: $? = 0
configure:3337: result: yes
configure:3340: checking for C compiler default output file name
configure:3342: result: a.out
configure:3348: checking for suffix of executables
configure:3355: gcc -o conftest    conftest.c  >&5
configure:3359: $? = 0
configure:3381: result: 
configure:3403: checking whether we are cross compiling
configure:3411: gcc -o conftest    conftest.c  >&5
configure:3415: $? = 0
configure:3422: ./conftest
configure:3426: $? = 0
configure:3441: result: no
configure:3446: checking for suffix of object files
configure:3468: gcc -c   conftest.c >&5
configure:3472: $? = 0
configure:3493: result: o
configure:3497: checking whether we are using the GNU C compiler
configure:3516: gcc -c   conftest.c >&5
configure:3516: $? = 0
configure:3525: result: yes
configure:3534: checking whether gcc accepts -g
configure:3554: gcc -c -g  conftest.c >&5
configure:3554: $? = 0
configure:3595: result: yes
configure:3612: checking for gcc option to accept ISO C89
configure:3676: gcc  -c -g -O2  conftest.c >&5
configure:3676: $? = 0
configure:3689: result: none needed
configure:3720: checking for style of include used by make
configure:3748: result: GNU
configure:3774: checking dependency style of gcc
configure:3885: result: gcc3
configure:3929: checking build system type
configure:3943: result: x86_64-apple-darwin14.0.0
configure:3963: checking host system type
configure:3976: result: x86_64-apple-darwin14.0.0
configure:4017: checking how to print strings
configure:4044: result: printf
configure:4065: checking for a sed that does not truncate output
configure:4129: result: /usr/bin/sed
configure:4147: checking for grep that handles long lines and -e
configure:4205: result: /usr/bin/grep
configure:4210: checking for egrep
configure:4272: result: /usr/bin/grep -E
configure:4277: checking for fgrep
configure:4339: result: /usr/bin/grep -F
configure:4374: checking for ld used by gcc
configure:4441: result: /Applications/Xcode.app/Contents/Developer/Toolchains/XcodeDefault.xctoolchain/usr/bin/ld
configure:4448: checking if the linker (/Applications/Xcode.app/Contents/Developer/Toolchains/XcodeDefault.xctoolchain/usr/bin/ld) is GNU ld
configure:4463: result: no
configure:4475: checking for BSD- or MS-compatible name lister (nm)
configure:4524: result: /usr/bin/nm
configure:4654: checking the name lister (/usr/bin/nm) interface
configure:4661: gcc -c -g -O2  conftest.c >&5
configure:4664: /usr/bin/nm "conftest.o"
configure:4667: output
000000000000024c S _some_variable
configure:4674: result: BSD nm
configure:4677: checking whether ln -s works
configure:4681: result: yes
configure:4689: checking the maximum length of command line arguments
configure:4819: result: 196608
configure:4836: checking whether the shell understands some XSI constructs
configure:4846: result: yes
configure:4850: checking whether the shell understands "+="
configure:4856: result: yes
configure:4891: checking how to convert x86_64-apple-darwin14.0.0 file names to x86_64-apple-darwin14.0.0 format
configure:4931: result: func_convert_file_noop
configure:4938: checking how to convert x86_64-apple-darwin14.0.0 file names to toolchain format
configure:4958: result: func_convert_file_noop
configure:4965: checking for /Applications/Xcode.app/Contents/Developer/Toolchains/XcodeDefault.xctoolchain/usr/bin/ld option to reload object files
configure:4972: result: -r
configure:5046: checking for objdump
configure:5076: result: no
configure:5105: checking how to recognize dependent libraries
configure:5307: result: pass_all
configure:5392: checking for dlltool
configure:5422: result: no
configure:5452: checking how to associate runtime and link libraries
configure:5479: result: printf %s\n
configure:5540: checking for ar
configure:5556: found /usr/bin/ar
configure:5567: result: ar
configure:5604: checking for archiver @FILE support
configure:5621: gcc -c -g -O2  conftest.c >&5
configure:5621: $? = 0
configure:5624: ar cru libconftest.a @conftest.lst >&5
ar: @conftest.lst: No such file or directory
configure:5627: $? = 1
configure:5647: result: no
configure:5705: checking for strip
configure:5721: found /usr/bin/strip
configure:5732: result: strip
configure:5804: checking for ranlib
configure:5820: found /usr/bin/ranlib
configure:5831: result: ranlib
configure:5933: checking command to parse /usr/bin/nm output from gcc object
configure:6053: gcc -c -g -O2  conftest.c >&5
configure:6056: $? = 0
configure:6060: /usr/bin/nm conftest.o \| sed -n -e 's/^.*[ ]\([BCDEGRST][BCDEGRST]*\)[ ][ ]*\([_A-Za-z][_A-Za-z0-9]*\)$/\1 \2 \2/p' | sed '/ __gnu_lto/d' \> conftest.nm
configure:6063: $? = 0
cannot find nm_test_var in conftest.nm
configure:6053: gcc -c -g -O2  conftest.c >&5
configure:6056: $? = 0
configure:6060: /usr/bin/nm conftest.o \| sed -n -e 's/^.*[ ]\([BCDEGRST][BCDEGRST]*\)[ ][ ]*_\([_A-Za-z][_A-Za-z0-9]*\)$/\1 _\2 \2/p' | sed '/ __gnu_lto/d' \> conftest.nm
configure:6063: $? = 0
configure:6129: gcc -o conftest -g -O2   conftest.c conftstm.o >&5
configure:6132: $? = 0
configure:6170: result: ok
configure:6207: checking for sysroot
configure:6237: result: no
configure:6493: checking for mt
configure:6523: result: no
configure:6543: checking if : is a manifest tool
configure:6549: : '-?'
configure:6557: result: no
configure:6613: checking for dsymutil
configure:6629: found /usr/bin/dsymutil
configure:6640: result: dsymutil
configure:6705: checking for nmedit
configure:6721: found /usr/bin/nmedit
configure:6732: result: nmedit
configure:6797: checking for lipo
configure:6813: found /usr/bin/lipo
configure:6824: result: lipo
configure:6889: checking for otool
configure:6905: found /usr/bin/otool
configure:6916: result: otool
configure:6981: checking for otool64
configure:7011: result: no
configure:7056: checking for -single_module linker flag
gcc -g -O2  -o libconftest.dylib -dynamiclib -Wl,-single_module conftest.c
configure:7089: result: yes
configure:7092: checking for -exported_symbols_list linker flag
configure:7112: gcc -o conftest -g -O2   -Wl,-exported_symbols_list,conftest.sym conftest.c  >&5
configure:7112: $? = 0
configure:7122: result: yes
configure:7125: checking for -force_load linker flag
gcc -g -O2 -c -o conftest.o conftest.c
ar cru libconftest.a conftest.o
ranlib libconftest.a
gcc -g -O2  -o conftest conftest.c -Wl,-force_load,./libconftest.a
configure:7157: result: yes
configure:7199: checking how to run the C preprocessor
configure:7230: gcc -E  conftest.c
configure:7230: $? = 0
configure:7244: gcc -E  conftest.c
conftest.c:11:10: fatal error: 'ac_nonexistent.h' file not found
#include <ac_nonexistent.h>
         ^
1 error generated.
configure:7244: $? = 1
configure: failed program was:
| /* confdefs.h */
| #define PACKAGE_NAME "libogg"
| #define PACKAGE_TARNAME "libogg"
| #define PACKAGE_VERSION "1.3.1"
| #define PACKAGE_STRING "libogg 1.3.1"
| #define PACKAGE_BUGREPORT "ogg-dev@xiph.org"
| #define PACKAGE_URL ""
| #define PACKAGE "libogg"
| #define VERSION "1.3.1"
| /* end confdefs.h.  */
| #include <ac_nonexistent.h>
configure:7269: result: gcc -E
configure:7289: gcc -E  conftest.c
configure:7289: $? = 0
configure:7303: gcc -E  conftest.c
conftest.c:11:10: fatal error: 'ac_nonexistent.h' file not found
#include <ac_nonexistent.h>
         ^
1 error generated.
configure:7303: $? = 1
configure: failed program was:
| /* confdefs.h */
| #define PACKAGE_NAME "libogg"
| #define PACKAGE_TARNAME "libogg"
| #define PACKAGE_VERSION "1.3.1"
| #define PACKAGE_STRING "libogg 1.3.1"
| #define PACKAGE_BUGREPORT "ogg-dev@xiph.org"
| #define PACKAGE_URL ""
| #define PACKAGE "libogg"
| #define VERSION "1.3.1"
| /* end confdefs.h.  */
| #include <ac_nonexistent.h>
configure:7332: checking for ANSI C header files
configure:7352: gcc -c -g -O2  conftest.c >&5
configure:7352: $? = 0
configure:7425: gcc -o conftest -g -O2   conftest.c  >&5
configure:7425: $? = 0
configure:7425: ./conftest
configure:7425: $? = 0
configure:7436: result: yes
configure:7449: checking for sys/types.h
configure:7449: gcc -c -g -O2  conftest.c >&5
configure:7449: $? = 0
configure:7449: result: yes
configure:7449: checking for sys/stat.h
configure:7449: gcc -c -g -O2  conftest.c >&5
configure:7449: $? = 0
configure:7449: result: yes
configure:7449: checking for stdlib.h
configure:7449: gcc -c -g -O2  conftest.c >&5
configure:7449: $? = 0
configure:7449: result: yes
configure:7449: checking for string.h
configure:7449: gcc -c -g -O2  conftest.c >&5
configure:7449: $? = 0
configure:7449: result: yes
configure:7449: checking for memory.h
configure:7449: gcc -c -g -O2  conftest.c >&5
configure:7449: $? = 0
configure:7449: result: yes
configure:7449: checking for strings.h
configure:7449: gcc -c -g -O2  conftest.c >&5
configure:7449: $? = 0
configure:7449: result: yes
configure:7449: checking for inttypes.h
configure:7449: gcc -c -g -O2  conftest.c >&5
configure:7449: $? = 0
configure:7449: result: yes
configure:7449: checking for stdint.h
configure:7449: gcc -c -g -O2  conftest.c >&5
configure:7449: $? = 0
configure:7449: result: yes
configure:7449: checking for unistd.h
configure:7449: gcc -c -g -O2  conftest.c >&5
configure:7449: $? = 0
configure:7449: result: yes
configure:7463: checking for dlfcn.h
configure:7463: gcc -c -g -O2  conftest.c >&5
configure:7463: $? = 0
configure:7463: result: yes
configure:7669: checking for objdir
configure:7684: result: .libs
configure:7951: checking if gcc supports -fno-rtti -fno-exceptions
configure:7969: gcc -c -g -O2  -fno-rtti -fno-exceptions conftest.c >&5
configure:7973: $? = 0
configure:7986: result: yes
configure:8313: checking for gcc option to produce PIC
configure:8320: result: -fno-common -DPIC
configure:8328: checking if gcc PIC flag -fno-common -DPIC works
configure:8346: gcc -c -g -O2  -fno-common -DPIC -DPIC conftest.c >&5
configure:8350: $? = 0
configure:8363: result: yes
configure:8392: checking if gcc static flag -static works
configure:8420: result: no
configure:8435: checking if gcc supports -c -o file.o
configure:8456: gcc -c -g -O2  -o out/conftest2.o conftest.c >&5
configure:8460: $? = 0
configure:8482: result: yes
configure:8490: checking if gcc supports -c -o file.o
configure:8537: result: yes
configure:8570: checking whether the gcc linker (/Applications/Xcode.app/Contents/Developer/Toolchains/XcodeDefault.xctoolchain/usr/bin/ld) supports shared libraries
configure:9723: result: yes
configure:9963: checking dynamic linker characteristics
configure:10700: result: darwin14.0.0 dyld
configure:10807: checking how to hardcode library paths into programs
configure:10832: result: immediate
configure:11372: checking whether stripping libraries is possible
configure:11386: result: yes
configure:11412: checking if libtool supports shared libraries
configure:11414: result: yes
configure:11417: checking whether to build shared libraries
configure:11438: result: yes
configure:11441: checking whether to build static libraries
configure:11445: result: yes
configure:11483: checking whether gcc and cc understand -c and -o together
configure:11514: gcc -c conftest.c -o conftest2.o >&5
configure:11518: $? = 0
configure:11524: gcc -c conftest.c -o conftest2.o >&5
configure:11528: $? = 0
configure:11539: cc -c conftest.c >&5
configure:11543: $? = 0
configure:11551: cc -c conftest.c -o conftest2.o >&5
configure:11555: $? = 0
configure:11561: cc -c conftest.c -o conftest2.o >&5
configure:11565: $? = 0
configure:11583: result: yes
configure:11659: checking for ANSI C header files
configure:11763: result: yes
configure:11774: checking for inttypes.h
configure:11774: result: yes
configure:11780: checking for stdint.h
configure:11780: result: yes
configure:11786: checking for sys/types.h
configure:11786: result: yes
configure:11793: checking for an ANSI C-conforming const
configure:11858: gcc -c -fno-common -O4 -Wall -fsigned-char -ffast-math -g -O2  conftest.c >&5
conftest.c:69:18: warning: variable 'b' is uninitialized when used here [-Wuninitialized]
    struct s *b; b->j = 5;
                 ^
conftest.c:69:16: note: initialize the variable 'b' to silence this warning
    struct s *b; b->j = 5;
               ^
                = 0
conftest.c:53:6: warning: variable 't' is uninitialized when used here [-Wuninitialized]
    *t++ = 0;
     ^
conftest.c:50:12: note: initialize the variable 't' to silence this warning
    char *t;
           ^
            = 0
2 warnings generated.
configure:11858: $? = 0
configure:11865: result: yes
configure:11879: checking size of int16_t
configure:11884: gcc -o conftest -fno-common -O4 -Wall -fsigned-char -ffast-math -g -O2   conftest.c  >&5
configure:11884: $? = 0
configure:11884: ./conftest
configure:11884: $? = 0
configure:11898: result: 2
configure:11912: checking size of uint16_t
configure:11917: gcc -o conftest -fno-common -O4 -Wall -fsigned-char -ffast-math -g -O2   conftest.c  >&5
configure:11917: $? = 0
configure:11917: ./conftest
configure:11917: $? = 0
configure:11931: result: 2
configure:11945: checking size of u_int16_t
configure:11950: gcc -o conftest -fno-common -O4 -Wall -fsigned-char -ffast-math -g -O2   conftest.c  >&5
configure:11950: $? = 0
configure:11950: ./conftest
configure:11950: $? = 0
configure:11964: result: 2
configure:11978: checking size of int32_t
configure:11983: gcc -o conftest -fno-common -O4 -Wall -fsigned-char -ffast-math -g -O2   conftest.c  >&5
configure:11983: $? = 0
configure:11983: ./conftest
configure:11983: $? = 0
configure:11997: result: 4
configure:12011: checking size of uint32_t
configure:12016: gcc -o conftest -fno-common -O4 -Wall -fsigned-char -ffast-math -g -O2   conftest.c  >&5
configure:12016: $? = 0
configure:12016: ./conftest
configure:12016: $? = 0
configure:12030: result: 4
configure:12044: checking size of u_int32_t
configure:12049: gcc -o conftest -fno-common -O4 -Wall -fsigned-char -ffast-math -g -O2   conftest.c  >&5
configure:12049: $? = 0
configure:12049: ./conftest
configure:12049: $? = 0
configure:12063: result: 4
configure:12077: checking size of int64_t
configure:12082: gcc -o conftest -fno-common -O4 -Wall -fsigned-char -ffast-math -g -O2   conftest.c  >&5
configure:12082: $? = 0
configure:12082: ./conftest
configure:12082: $? = 0
configure:12096: result: 8
configure:12110: checking size of short
configure:12115: gcc -o conftest -fno-common -O4 -Wall -fsigned-char -ffast-math -g -O2   conftest.c  >&5
configure:12115: $? = 0
configure:12115: ./conftest
configure:12115: $? = 0
configure:12129: result: 2
configure:12143: checking size of int
configure:12148: gcc -o conftest -fno-common -O4 -Wall -fsigned-char -ffast-math -g -O2   conftest.c  >&5
configure:12148: $? = 0
configure:12148: ./conftest
configure:12148: $? = 0
configure:12162: result: 4
configure:12176: checking size of long
configure:12181: gcc -o conftest -fno-common -O4 -Wall -fsigned-char -ffast-math -g -O2   conftest.c  >&5
configure:12181: $? = 0
configure:12181: ./conftest
configure:12181: $? = 0
configure:12195: result: 8
configure:12209: checking size of long long
configure:12214: gcc -o conftest -fno-common -O4 -Wall -fsigned-char -ffast-math -g -O2   conftest.c  >&5
configure:12214: $? = 0
configure:12214: ./conftest
configure:12214: $? = 0
configure:12228: result: 8
configure:12291: checking for working memcmp
configure:12334: gcc -o conftest -fno-common -O4 -Wall -fsigned-char -ffast-math -g -O2   conftest.c  >&5
configure:12334: $? = 0
configure:12334: ./conftest
configure:12334: $? = 0
configure:12344: result: yes
configure:12510: creating ./config.status

## ---------------------- ##
## Running config.status. ##
## ---------------------- ##

This file was extended by libogg config.status 1.3.1, which was
generated by GNU Autoconf 2.68.  Invocation command line was

  CONFIG_FILES    = 
  CONFIG_HEADERS  = 
  CONFIG_LINKS    = 
  CONFIG_COMMANDS = 
  $ ./config.status 

on Jamess-MBP.home

config.status:1124: creating Makefile
config.status:1124: creating src/Makefile
config.status:1124: creating doc/Makefile
config.status:1124: creating doc/libogg/Makefile
config.status:1124: creating include/Makefile
config.status:1124: creating include/ogg/Makefile
config.status:1124: creating include/ogg/config_types.h
config.status:1124: creating libogg.spec
config.status:1124: creating ogg.pc
config.status:1124: creating ogg-uninstalled.pc
config.status:1124: creating config.h
config.status:1305: config.h is unchanged
config.status:1353: executing depfiles commands
config.status:1353: executing libtool commands

## ---------------- ##
## Cache variables. ##
## ---------------- ##

ac_cv_build=x86_64-apple-darwin14.0.0
ac_cv_c_compiler_gnu=yes
ac_cv_c_const=yes
ac_cv_env_CC_set=
ac_cv_env_CC_value=
ac_cv_env_CFLAGS_set=
ac_cv_env_CFLAGS_value=
ac_cv_env_CPPFLAGS_set=
ac_cv_env_CPPFLAGS_value=
ac_cv_env_CPP_set=
ac_cv_env_CPP_value=
ac_cv_env_LDFLAGS_set=
ac_cv_env_LDFLAGS_value=
ac_cv_env_LIBS_set=
ac_cv_env_LIBS_value=
ac_cv_env_build_alias_set=
ac_cv_env_build_alias_value=
ac_cv_env_host_alias_set=
ac_cv_env_host_alias_value=
ac_cv_env_target_alias_set=
ac_cv_env_target_alias_value=
ac_cv_func_memcmp_working=yes
ac_cv_header_dlfcn_h=yes
ac_cv_header_inttypes_h=yes
ac_cv_header_memory_h=yes
ac_cv_header_stdc=yes
ac_cv_header_stdint_h=yes
ac_cv_header_stdlib_h=yes
ac_cv_header_string_h=yes
ac_cv_header_strings_h=yes
ac_cv_header_sys_stat_h=yes
ac_cv_header_sys_types_h=yes
ac_cv_header_unistd_h=yes
ac_cv_host=x86_64-apple-darwin14.0.0
ac_cv_objext=o
ac_cv_path_EGREP='/usr/bin/grep -E'
ac_cv_path_FGREP='/usr/bin/grep -F'
ac_cv_path_GREP=/usr/bin/grep
ac_cv_path_SED=/usr/bin/sed
ac_cv_path_install='/usr/bin/install -c'
ac_cv_prog_AWK=awk
ac_cv_prog_CPP='gcc -E'
ac_cv_prog_ac_ct_AR=ar
ac_cv_prog_ac_ct_CC=gcc
ac_cv_prog_ac_ct_DSYMUTIL=dsymutil
ac_cv_prog_ac_ct_LIPO=lipo
ac_cv_prog_ac_ct_NMEDIT=nmedit
ac_cv_prog_ac_ct_OTOOL=otool
ac_cv_prog_ac_ct_RANLIB=ranlib
ac_cv_prog_ac_ct_STRIP=strip
ac_cv_prog_cc_c89=
ac_cv_prog_cc_g=yes
ac_cv_prog_cc_gcc_c_o=yes
ac_cv_prog_make_make_set=yes
ac_cv_sizeof_int16_t=2
ac_cv_sizeof_int32_t=4
ac_cv_sizeof_int64_t=8
ac_cv_sizeof_int=4
ac_cv_sizeof_long=8
ac_cv_sizeof_long_long=8
ac_cv_sizeof_short=2
ac_cv_sizeof_u_int16_t=2
ac_cv_sizeof_u_int32_t=4
ac_cv_sizeof_uint16_t=2
ac_cv_sizeof_uint32_t=4
am_cv_CC_dependencies_compiler_type=gcc3
lt_cv_apple_cc_single_mod=yes
lt_cv_ar_at_file=no
lt_cv_deplibs_check_method=pass_all
lt_cv_file_magic_cmd='$MAGIC_CMD'
lt_cv_file_magic_test_file=
lt_cv_ld_exported_symbols_list=yes
lt_cv_ld_force_load=yes
lt_cv_ld_reload_flag=-r
lt_cv_nm_interface='BSD nm'
lt_cv_objdir=.libs
lt_cv_path_LD=/Applications/Xcode.app/Contents/Developer/Toolchains/XcodeDefault.xctoolchain/usr/bin/ld
lt_cv_path_NM=/usr/bin/nm
lt_cv_path_mainfest_tool=no
lt_cv_prog_compiler_c_o=yes
lt_cv_prog_compiler_pic='-fno-common -DPIC'
lt_cv_prog_compiler_pic_works=yes
lt_cv_prog_compiler_rtti_exceptions=yes
lt_cv_prog_compiler_static_works=no
lt_cv_prog_gnu_ld=no
lt_cv_sharedlib_from_linklib_cmd='printf %s\n'
lt_cv_sys_global_symbol_pipe='sed -n -e '\''s/^.*[	 ]\([BCDEGRST][BCDEGRST]*\)[	 ][	 ]*_\([_A-Za-z][_A-Za-z0-9]*\)$/\1 _\2 \2/p'\'' | sed '\''/ __gnu_lto/d'\'''
lt_cv_sys_global_symbol_to_c_name_address='sed -n -e '\''s/^: \([^ ]*\)[ ]*$/  {\"\1\", (void *) 0},/p'\'' -e '\''s/^[BCDEGRST]* \([^ ]*\) \([^ ]*\)$/  {"\2", (void *) \&\2},/p'\'''
lt_cv_sys_global_symbol_to_c_name_address_lib_prefix='sed -n -e '\''s/^: \([^ ]*\)[ ]*$/  {\"\1\", (void *) 0},/p'\'' -e '\''s/^[BCDEGRST]* \([^ ]*\) \(lib[^ ]*\)$/  {"\2", (void *) \&\2},/p'\'' -e '\''s/^[BCDEGRST]* \([^ ]*\) \([^ ]*\)$/  {"lib\2", (void *) \&\2},/p'\'''
lt_cv_sys_global_symbol_to_cdecl='sed -n -e '\''s/^T .* \(.*\)$/extern int \1();/p'\'' -e '\''s/^[BCDEGRST]* .* \(.*\)$/extern char \1;/p'\'''
lt_cv_sys_max_cmd_len=196608
lt_cv_to_host_file_cmd=func_convert_file_noop
lt_cv_to_tool_file_cmd=func_convert_file_noop

## ----------------- ##
## Output variables. ##
## ----------------- ##

ACLOCAL='${SHELL} /Users/jamesfolk/Dropbox/GameDevelopment/mygames/third_party/ogg/libogg-1.3.1/missing --run aclocal-1.11'
AMDEPBACKSLASH='\'
AMDEP_FALSE='#'
AMDEP_TRUE=''
AMTAR='$${TAR-tar}'
AR='ar'
AUTOCONF='${SHELL} /Users/jamesfolk/Dropbox/GameDevelopment/mygames/third_party/ogg/libogg-1.3.1/missing --run autoconf'
AUTOHEADER='${SHELL} /Users/jamesfolk/Dropbox/GameDevelopment/mygames/third_party/ogg/libogg-1.3.1/missing --run autoheader'
AUTOMAKE='${SHELL} /Users/jamesfolk/Dropbox/GameDevelopment/mygames/third_party/ogg/libogg-1.3.1/missing --run automake-1.11'
AWK='awk'
CC='gcc'
CCDEPMODE='depmode=gcc3'
CFLAGS='-fno-common -O4 -Wall -fsigned-char -ffast-math -g -O2'
CPP='gcc -E'
CPPFLAGS=''
CYGPATH_W='echo'
DEBUG='-fno-common -g -Wall -fsigned-char -g -O2'
DEFS='-DHAVE_CONFIG_H'
DEPDIR='.deps'
DLLTOOL='false'
DSYMUTIL='dsymutil'
DUMPBIN=''
ECHO_C='\c'
ECHO_N=''
ECHO_T=''
EGREP='/usr/bin/grep -E'
EXEEXT=''
FGREP='/usr/bin/grep -F'
GREP='/usr/bin/grep'
INCLUDE_INTTYPES_H='1'
INCLUDE_STDINT_H='1'
INCLUDE_SYS_TYPES_H='1'
INSTALL_DATA='${INSTALL} -m 644'
INSTALL_PROGRAM='${INSTALL}'
INSTALL_SCRIPT='${INSTALL}'
INSTALL_STRIP_PROGRAM='$(install_sh) -c -s'
LD='/Applications/Xcode.app/Contents/Developer/Toolchains/XcodeDefault.xctoolchain/usr/bin/ld'
LDFLAGS=''
LIBOBJS=''
LIBS=''
LIBTOOL='$(SHELL) $(top_builddir)/libtool'
LIBTOOL_DEPS='./ltmain.sh'
LIB_AGE='8'
LIB_CURRENT='8'
LIB_REVISION='1'
LIPO='lipo'
LN_S='ln -s'
LTLIBOBJS=''
MAINT=''
MAINTAINER_MODE_FALSE='#'
MAINTAINER_MODE_TRUE=''
MAKEINFO='${SHELL} /Users/jamesfolk/Dropbox/GameDevelopment/mygames/third_party/ogg/libogg-1.3.1/missing --run makeinfo'
MANIFEST_TOOL=':'
MKDIR_P='./install-sh -c -d'
NM='/usr/bin/nm'
NMEDIT='nmedit'
OBJDUMP='false'
OBJEXT='o'
OPT=''
OTOOL64=':'
OTOOL='otool'
PACKAGE='libogg'
PACKAGE_BUGREPORT='ogg-dev@xiph.org'
PACKAGE_NAME='libogg'
PACKAGE_STRING='libogg 1.3.1'
PACKAGE_TARNAME='libogg'
PACKAGE_URL=''
PACKAGE_VERSION='1.3.1'
PATH_SEPARATOR=':'
PROFILE='-fno-common -O4 -Wall -pg -g -fsigned-char -ffast-math -g -O2'
RANLIB='ranlib'
SED='/usr/bin/sed'
SET_MAKE=''
SHELL='/bin/sh'
SIZE16='int16_t'
SIZE32='int32_t'
SIZE64='int64_t'
STRIP='strip'
USIZE16='uint16_t'
USIZE32='uint32_t'
VERSION='1.3.1'
ac_ct_AR='ar'
ac_ct_CC='gcc'
ac_ct_DUMPBIN=''
am__EXEEXT_FALSE=''
am__EXEEXT_TRUE='#'
am__fastdepCC_FALSE='#'
am__fastdepCC_TRUE=''
am__include='include'
am__isrc=''
am__leading_dot='.'
am__nodep='_no'
am__quote=''
am__tar='$${TAR-tar} chof - "$$tardir"'
am__untar='$${TAR-tar} xf -'
bindir='${exec_prefix}/bin'
build='x86_64-apple-darwin14.0.0'
build_alias=''
build_cpu='x86_64'
build_os='darwin14.0.0'
build_vendor='apple'
datadir='${datarootdir}'
datarootdir='${prefix}/share'
docdir='${datarootdir}/doc/${PACKAGE_TARNAME}'
dvidir='${docdir}'
exec_prefix='${prefix}'
host='x86_64-apple-darwin14.0.0'
host_alias=''
host_cpu='x86_64'
host_os='darwin14.0.0'
host_vendor='apple'
htmldir='${docdir}'
includedir='${prefix}/include'
infodir='${datarootdir}/info'
install_sh='${SHELL} /Users/jamesfolk/Dropbox/GameDevelopment/mygames/third_party/ogg/libogg-1.3.1/install-sh'
libdir='${exec_prefix}/lib'
libexecdir='${exec_prefix}/libexec'
localedir='${datarootdir}/locale'
localstatedir='${prefix}/var'
mandir='${datarootdir}/man'
mkdir_p='$(top_builddir)/./install-sh -c -d'
oldincludedir='/usr/include'
pdfdir='${docdir}'
prefix='/usr/local'
program_transform_name='s,x,x,'
psdir='${docdir}'
sbindir='${exec_prefix}/sbin'
sharedstatedir='${prefix}/com'
sysconfdir='${prefix}/etc'
target_alias=''

## ----------- ##
## confdefs.h. ##
## ----------- ##

/* confdefs.h */
#define PACKAGE_NAME "libogg"
#define PACKAGE_TARNAME "libogg"
#define PACKAGE_VERSION "1.3.1"
#define PACKAGE_STRING "libogg 1.3.1"
#define PACKAGE_BUGREPORT "ogg-dev@xiph.org"
#define PACKAGE_URL ""
#define PACKAGE "libogg"
#define VERSION "1.3.1"
#define STDC_HEADERS 1
#define HAVE_SYS_TYPES_H 1
#define HAVE_SYS_STAT_H 1
#define HAVE_STDLIB_H 1
#define HAVE_STRING_H 1
#define HAVE_MEMORY_H 1
#define HAVE_STRINGS_H 1
#define HAVE_INTTYPES_H 1
#define HAVE_STDINT_H 1
#define HAVE_UNISTD_H 1
#define HAVE_DLFCN_H 1
#define LT_OBJDIR ".libs/"
#define STDC_HEADERS 1
#define SIZEOF_INT16_T 2
#define SIZEOF_UINT16_T 2
#define SIZEOF_U_INT16_T 2
#define SIZEOF_INT32_T 4
#define SIZEOF_UINT32_T 4
#define SIZEOF_U_INT32_T 4
#define SIZEOF_INT64_T 8
#define SIZEOF_SHORT 2
#define SIZEOF_INT 4
#define SIZEOF_LONG 8
#define SIZEOF_LONG_LONG 8

configure: exit 0
